{"ts":1712175376185,"action":"PROJECT_OPENED","tags":{"PROJECT_NAME":"java-vjezba3"}}
{"ts":1712175377812,"action":"IDE_DEACTIVATED"}
{"ts":1712175378194,"action":"IDE_ACTIVATED"}
{"ts":1712175378523,"action":"FILE_OPENED","file":"/src/Main.java","tags":{"FILE_LINE_OF_CODE":"5"}}
{"ts":1712175387206,"action":"IDE_DEACTIVATED"}
{"ts":1712175400527,"action":"IDE_ACTIVATED"}
{"ts":1712175411507,"action":"IDE_DEACTIVATED"}
{"ts":1712175425823,"action":"IDE_ACTIVATED"}
{"ts":1712175554888,"action":"IDE_DEACTIVATED"}
{"ts":1712175565741,"action":"IDE_ACTIVATED"}
{"ts":1712175657377,"action":"IDE_DEACTIVATED"}
{"ts":1712175751833,"action":"IDE_ACTIVATED"}
{"ts":1712175771094,"action":"IDE_DEACTIVATED"}
{"ts":1712175793595,"action":"IDE_ACTIVATED"}
{"ts":1712175931806,"action":"IDE_DEACTIVATED"}
{"ts":1712175943796,"action":"IDE_ACTIVATED"}
{"ts":1712176046325,"action":"IDE_DEACTIVATED"}
{"ts":1712176092604,"action":"IDE_ACTIVATED"}
{"ts":1712176191182,"action":"IDE_DEACTIVATED"}
{"ts":1712176303545,"action":"IDE_ACTIVATED"}
{"ts":1712176307166,"action":"IDE_DEACTIVATED"}
{"ts":1712176307486,"action":"PROJECT_CLOSED","tags":{"PROJECT_NAME":"java-vjezba3"}}
